[debug] [2025-09-30T05:03:46.642Z] ----------------------------------------------------------------------
[debug] [2025-09-30T05:03:46.653Z] Command:       C:\Program Files (x86)\nodejs\node.exe C:\Users\Harish\AppData\Roaming\npm\node_modules\firebase-tools\lib\bin\firebase.js init functions
[debug] [2025-09-30T05:03:46.653Z] CLI Version:   14.17.0
[debug] [2025-09-30T05:03:46.653Z] Platform:      win32
[debug] [2025-09-30T05:03:46.653Z] Node Version:  v22.19.0
[debug] [2025-09-30T05:03:46.654Z] Time:          Tue Sep 30 2025 10:33:46 GMT+0530 (India Standard Time)
[debug] [2025-09-30T05:03:46.654Z] ----------------------------------------------------------------------
[debug] 
[debug] [2025-09-30T05:03:46.661Z] > command requires scopes: ["email","openid","https://www.googleapis.com/auth/cloudplatformprojects.readonly","https://www.googleapis.com/auth/firebase","https://www.googleapis.com/auth/cloud-platform"]
[debug] [2025-09-30T05:03:46.662Z] > authorizing via signed-in user (harishloghu10@gmail.com)
[info] 
     ######## #### ########  ######## ########     ###     ######  ########
     ##        ##  ##     ## ##       ##     ##  ##   ##  ##       ##
     ######    ##  ########  ######   ########  #########  ######  ######
     ##        ##  ##    ##  ##       ##     ## ##     ##       ## ##
     ##       #### ##     ## ######## ########  ##     ##  ######  ########

You're about to initialize a Firebase project in this directory:

  C:\Users\Harish\OneDrive\Desktop\SIH_PS2\SIH_PS2

[info] 
=== Project Setup
[info] 
[info] First, let's associate this project directory with a Firebase project.
[info] You can create multiple project aliases by running firebase use --add, 
[info] but for now we'll just set up a default project.
[info] 
[debug] [2025-09-30T05:05:07.135Z] Checked if tokens are valid: true, expires at: 1759212124065
[debug] [2025-09-30T05:05:07.146Z] Checked if tokens are valid: true, expires at: 1759212124065
[debug] [2025-09-30T05:05:07.161Z] >>> [apiv2][query] GET https://firebase.googleapis.com/v1beta1/projects pageSize=100
[debug] [2025-09-30T05:05:16.868Z] <<< [apiv2][status] GET https://firebase.googleapis.com/v1beta1/projects 200
[debug] [2025-09-30T05:05:16.868Z] <<< [apiv2][body] GET https://firebase.googleapis.com/v1beta1/projects [omitted]
[info] i  Using project learning-path-12e46 (Learning-Path) 
[info] 
=== Functions Setup
[debug] [2025-09-30T05:05:24.017Z] > command requires scopes: ["email","openid","https://www.googleapis.com/auth/cloudplatformprojects.readonly","https://www.googleapis.com/auth/firebase","https://www.googleapis.com/auth/cloud-platform"]
[debug] [2025-09-30T05:05:24.018Z] > authorizing via signed-in user (harishloghu10@gmail.com)
[debug] [2025-09-30T05:05:24.018Z] [iam] checking project learning-path-12e46 for permissions ["firebase.projects.get"]
[debug] [2025-09-30T05:05:24.020Z] Checked if tokens are valid: true, expires at: 1759212124065
[debug] [2025-09-30T05:05:24.020Z] Checked if tokens are valid: true, expires at: 1759212124065
[debug] [2025-09-30T05:05:24.020Z] >>> [apiv2][query] POST https://cloudresourcemanager.googleapis.com/v1/projects/learning-path-12e46:testIamPermissions [none]
[debug] [2025-09-30T05:05:24.020Z] >>> [apiv2][(partial)header] POST https://cloudresourcemanager.googleapis.com/v1/projects/learning-path-12e46:testIamPermissions x-goog-quota-user=projects/learning-path-12e46
[debug] [2025-09-30T05:05:24.020Z] >>> [apiv2][body] POST https://cloudresourcemanager.googleapis.com/v1/projects/learning-path-12e46:testIamPermissions {"permissions":["firebase.projects.get"]}
[debug] [2025-09-30T05:05:32.084Z] <<< [apiv2][status] POST https://cloudresourcemanager.googleapis.com/v1/projects/learning-path-12e46:testIamPermissions 200
[debug] [2025-09-30T05:05:32.084Z] <<< [apiv2][body] POST https://cloudresourcemanager.googleapis.com/v1/projects/learning-path-12e46:testIamPermissions {"permissions":["firebase.projects.get"]}
[debug] [2025-09-30T05:05:32.095Z] Checked if tokens are valid: true, expires at: 1759212124065
[debug] [2025-09-30T05:05:32.095Z] Checked if tokens are valid: true, expires at: 1759212124065
[debug] [2025-09-30T05:05:32.100Z] Checked if tokens are valid: true, expires at: 1759212124065
[debug] [2025-09-30T05:05:32.100Z] Checked if tokens are valid: true, expires at: 1759212124065
[debug] [2025-09-30T05:05:32.100Z] >>> [apiv2][query] GET https://serviceusage.googleapis.com/v1/projects/learning-path-12e46/services/cloudfunctions.googleapis.com [none]
[debug] [2025-09-30T05:05:32.100Z] >>> [apiv2][(partial)header] GET https://serviceusage.googleapis.com/v1/projects/learning-path-12e46/services/cloudfunctions.googleapis.com x-goog-quota-user=projects/learning-path-12e46
[debug] [2025-09-30T05:05:32.102Z] >>> [apiv2][query] GET https://serviceusage.googleapis.com/v1/projects/learning-path-12e46/services/runtimeconfig.googleapis.com [none]
[debug] [2025-09-30T05:05:32.102Z] >>> [apiv2][(partial)header] GET https://serviceusage.googleapis.com/v1/projects/learning-path-12e46/services/runtimeconfig.googleapis.com x-goog-quota-user=projects/learning-path-12e46
[debug] [2025-09-30T05:05:35.229Z] <<< [apiv2][status] GET https://serviceusage.googleapis.com/v1/projects/learning-path-12e46/services/cloudfunctions.googleapis.com 200
[debug] [2025-09-30T05:05:35.230Z] <<< [apiv2][body] GET https://serviceusage.googleapis.com/v1/projects/learning-path-12e46/services/cloudfunctions.googleapis.com [omitted]
[debug] [2025-09-30T05:05:35.230Z] Checked if tokens are valid: true, expires at: 1759212124065
[debug] [2025-09-30T05:05:35.230Z] Checked if tokens are valid: true, expires at: 1759212124065
[debug] [2025-09-30T05:05:35.231Z] >>> [apiv2][query] POST https://serviceusage.googleapis.com/v1/projects/learning-path-12e46/services/cloudfunctions.googleapis.com:enable [none]
[debug] [2025-09-30T05:05:35.231Z] >>> [apiv2][(partial)header] POST https://serviceusage.googleapis.com/v1/projects/learning-path-12e46/services/cloudfunctions.googleapis.com:enable x-goog-quota-user=projects/learning-path-12e46
[debug] [2025-09-30T05:05:36.006Z] <<< [apiv2][status] POST https://serviceusage.googleapis.com/v1/projects/learning-path-12e46/services/cloudfunctions.googleapis.com:enable 200
[debug] [2025-09-30T05:05:36.006Z] <<< [apiv2][body] POST https://serviceusage.googleapis.com/v1/projects/learning-path-12e46/services/cloudfunctions.googleapis.com:enable [omitted]
[debug] [2025-09-30T05:05:36.405Z] <<< [apiv2][status] GET https://serviceusage.googleapis.com/v1/projects/learning-path-12e46/services/runtimeconfig.googleapis.com 200
[debug] [2025-09-30T05:05:36.405Z] <<< [apiv2][body] GET https://serviceusage.googleapis.com/v1/projects/learning-path-12e46/services/runtimeconfig.googleapis.com [omitted]
[info] Let's create a new codebase for your functions.
[info] A directory corresponding to the codebase will be created in your project
[info] with sample code pre-configured.

[info] See https://firebase.google.com/docs/functions/organize-functions for
[info] more information on organizing your functions using codebases.

[info] Functions can be deployed with firebase deploy.

[info] +  Wrote functions/requirements.txt 
[info] +  Wrote functions/.gitignore 
[info] +  Wrote functions/main.py 
[debug] [2025-09-30T05:07:10.113Z] Running command with virtualenv: command="C:\Users\Harish\OneDrive\Desktop\SIH_PS2\SIH_PS2\functions\venv\Scripts\activate.bat", args=["","&&","pip3","install","--upgrade","pip"]
[debug] [2025-09-30T05:08:34.390Z] Error: spawn "C:\Users\Harish\OneDrive\Desktop\SIH_PS2\SIH_PS2\functions\venv\Scripts\activate.bat" ENOENT
    at notFoundError (C:\Users\Harish\AppData\Roaming\npm\node_modules\firebase-tools\node_modules\cross-spawn\lib\enoent.js:6:26)
    at verifyENOENT (C:\Users\Harish\AppData\Roaming\npm\node_modules\firebase-tools\node_modules\cross-spawn\lib\enoent.js:40:16)
    at cp.emit (C:\Users\Harish\AppData\Roaming\npm\node_modules\firebase-tools\node_modules\cross-spawn\lib\enoent.js:27:25)
    at ChildProcess._handle.onexit (node:internal/child_process:293:12)
    at Process.callbackTrampoline (node:internal/async_hooks:130:17)
[error] 
[error] Error: An unexpected error has occurred.
